Start testing: Jan 13 16:01 CST
----------------------------------------------------------
1/1 Testing: MLTest
1/1 Test: MLTest
Command: "/home/arch/Projects/MLProject/cmake-build-debug/MLTest"
Directory: /home/arch/Projects/MLProject/cmake-build-debug
"MLTest" start time: Jan 13 16:01 CST
Output:
----------------------------------------------------------
Running main() from /home/arch/Projects/MLProject/googletest/googletest/src/gtest_main.cc
[==========] Running 8 tests from 3 test suites.
[----------] Global test environment set-up.
[----------] 4 tests from PrintTest
[ RUN      ] PrintTest.PrintTensor
[       OK ] PrintTest.PrintTensor (0 ms)
[ RUN      ] PrintTest.PrintVector
[       OK ] PrintTest.PrintVector (0 ms)
[ RUN      ] PrintTest.PrintArray
[       OK ] PrintTest.PrintArray (0 ms)
[ RUN      ] PrintTest.PrintEmpty
[       OK ] PrintTest.PrintEmpty (0 ms)
[----------] 4 tests from PrintTest (0 ms total)

[----------] 3 tests from MutTest
[ RUN      ] MutTest.TensorMut
[       OK ] MutTest.TensorMut (0 ms)
[ RUN      ] MutTest.TensorReshape
[       OK ] MutTest.TensorReshape (0 ms)
[ RUN      ] MutTest.TensorSlice
[       OK ] MutTest.TensorSlice (0 ms)
[----------] 3 tests from MutTest (0 ms total)

[----------] 1 test from ValueTest
[ RUN      ] ValueTest.TensorIndex
[       OK ] ValueTest.TensorIndex (0 ms)
[----------] 1 test from ValueTest (0 ms total)

[----------] Global test environment tear-down
[==========] 8 tests from 3 test suites ran. (0 ms total)
[  PASSED  ] 8 tests.
<end of output>
Test time =   0.00 sec
----------------------------------------------------------
Test Passed.
"MLTest" end time: Jan 13 16:01 CST
"MLTest" time elapsed: 00:00:00
----------------------------------------------------------

End testing: Jan 13 16:01 CST
